This is pdfTeX, Version 3.14159265-2.6-1.40.19 (TeX Live 2019/dev/Debian) (preloaded format=pdflatex 2019.3.5)  16 MAY 2019 16:31
entering extended mode
 restricted \write18 enabled.
 %&-line parsing enabled.
**subfig.dtx
(./subfig.dtx
LaTeX2e <2018-04-01> patch level 5
File: subfig.dtx 
(/usr/share/texlive/texmf-dist/tex/latex/base/ltxdoc.cls
Document Class: ltxdoc 2018/03/15 v2.0x Standard LaTeX documentation class
*************************************
* Local config file ltxdoc.cfg used
*************************************
(./ltxdoc.cfg) (/usr/share/texlive/texmf-dist/tex/latex/base/article.cls
Document Class: article 2014/09/29 v1.4h Standard LaTeX document class
(/usr/share/texlive/texmf-dist/tex/latex/base/size10.clo
File: size10.clo 2014/09/29 v1.4h Standard LaTeX file (size option)
)
\c@part=\count80
\c@section=\count81
\c@subsection=\count82
\c@subsubsection=\count83
\c@paragraph=\count84
\c@subparagraph=\count85
\c@figure=\count86
\c@table=\count87
\abovecaptionskip=\skip41
\belowcaptionskip=\skip42
\bibindent=\dimen102
)
(/usr/share/texlive/texmf-dist/tex/latex/base/doc.sty
Package: doc 2018/02/01 v2.1h Standard LaTeX documentation package (FMi)
\c@StandardModuleDepth=\count88
\guard@level=\count89
\MacrocodeTopsep=\skip43
\MacroIndent=\dimen103
\macro@cnt=\count90
\MacroTopsep=\skip44
\index@excludelist=\toks14

(/usr/share/texlive/texmf-dist/tex/latex/tools/multicol.sty
Package: multicol 2018/04/20 v1.8s multicolumn formatting (FMi)
\c@tracingmulticols=\count91
\mult@box=\box26
\multicol@leftmargin=\dimen104
\c@unbalance=\count92
\c@collectmore=\count93
\doublecol@number=\count94
\multicoltolerance=\count95
\multicolpretolerance=\count96
\full@width=\dimen105
\page@free=\dimen106
\premulticols=\dimen107
\postmulticols=\dimen108
\multicolsep=\skip45
\multicolbaselineskip=\skip46
\partial@page=\box27
\last@line=\box28
\maxbalancingoverflow=\dimen109
\mult@rightbox=\box29
\mult@grightbox=\box30
\mult@gfirstbox=\box31
\mult@firstbox=\box32
\@tempa=\box33
\@tempa=\box34
\@tempa=\box35
\@tempa=\box36
\@tempa=\box37
\@tempa=\box38
\@tempa=\box39
\@tempa=\box40
\@tempa=\box41
\@tempa=\box42
\@tempa=\box43
\@tempa=\box44
\@tempa=\box45
\@tempa=\box46
\@tempa=\box47
\@tempa=\box48
\@tempa=\box49
\c@columnbadness=\count97
\c@finalcolumnbadness=\count98
\last@try=\dimen110
\multicolovershoot=\dimen111
\multicolundershoot=\dimen112
\mult@nat@firstbox=\box50
\colbreak@box=\box51
\mc@col@check@num=\count99
)
\IndexMin=\dimen113
\c@IndexColumns=\count100
\GlossaryMin=\dimen114
\c@GlossaryColumns=\count101
\check@sum=\count102
\bslash@cnt=\count103
\wrong@table=\toks15
\c@CodelineNo=\count104
))
(/usr/share/texlive/texmf-dist/tex/latex/hyperref/hyperref.sty
Package: hyperref 2018/09/30 v6.88a Hypertext links for LaTeX

(/usr/share/texlive/texmf-dist/tex/generic/oberdiek/hobsub-hyperref.sty
Package: hobsub-hyperref 2016/05/16 v1.14 Bundle oberdiek, subset hyperref (HO)


(/usr/share/texlive/texmf-dist/tex/generic/oberdiek/hobsub-generic.sty
Package: hobsub-generic 2016/05/16 v1.14 Bundle oberdiek, subset generic (HO)
Package: hobsub 2016/05/16 v1.14 Construct package bundles (HO)
Package: infwarerr 2016/05/16 v1.4 Providing info/warning/error messages (HO)
Package: ltxcmds 2016/05/16 v1.23 LaTeX kernel commands for general use (HO)
Package: ifluatex 2016/05/16 v1.4 Provides the ifluatex switch (HO)
Package ifluatex Info: LuaTeX not detected.
Package: ifvtex 2016/05/16 v1.6 Detect VTeX and its facilities (HO)
Package ifvtex Info: VTeX not detected.
Package: intcalc 2016/05/16 v1.2 Expandable calculations with integers (HO)
Package: ifpdf 2018/09/07 v3.3 Provides the ifpdf switch
Package: etexcmds 2016/05/16 v1.6 Avoid name clashes with e-TeX commands (HO)
Package: kvsetkeys 2016/05/16 v1.17 Key value parser (HO)
Package: kvdefinekeys 2016/05/16 v1.4 Define keys (HO)
Package: pdftexcmds 2018/09/10 v0.29 Utility functions of pdfTeX for LuaTeX (HO
)
Package pdftexcmds Info: LuaTeX not detected.
Package pdftexcmds Info: \pdf@primitive is available.
Package pdftexcmds Info: \pdf@ifprimitive is available.
Package pdftexcmds Info: \pdfdraftmode found.
Package: pdfescape 2016/05/16 v1.14 Implements pdfTeX's escape features (HO)
Package: bigintcalc 2016/05/16 v1.4 Expandable calculations on big integers (HO
)
Package: bitset 2016/05/16 v1.2 Handle bit-vector datatype (HO)
Package: uniquecounter 2016/05/16 v1.3 Provide unlimited unique counter (HO)
)
Package hobsub Info: Skipping package `hobsub' (already loaded).
Package: letltxmacro 2016/05/16 v1.5 Let assignment for LaTeX macros (HO)
Package: hopatch 2016/05/16 v1.3 Wrapper for package hooks (HO)
Package: xcolor-patch 2016/05/16 xcolor patch
Package: atveryend 2016/05/16 v1.9 Hooks at the very end of document (HO)
Package atveryend Info: \enddocument detected (standard20110627).
Package: atbegshi 2016/06/09 v1.18 At begin shipout hook (HO)
Package: refcount 2016/05/16 v3.5 Data extraction from label references (HO)
Package: hycolor 2016/05/16 v1.8 Color options for hyperref/bookmark (HO)
)
(/usr/share/texlive/texmf-dist/tex/latex/graphics/keyval.sty
Package: keyval 2014/10/28 v1.15 key=value parser (DPC)
\KV@toks@=\toks16
)
(/usr/share/texlive/texmf-dist/tex/generic/ifxetex/ifxetex.sty
Package: ifxetex 2010/09/12 v0.6 Provides ifxetex conditional
)
(/usr/share/texlive/texmf-dist/tex/latex/oberdiek/auxhook.sty
Package: auxhook 2016/05/16 v1.4 Hooks for auxiliary files (HO)
)
(/usr/share/texlive/texmf-dist/tex/latex/oberdiek/kvoptions.sty
Package: kvoptions 2016/05/16 v3.12 Key value format for package options (HO)
)
\@linkdim=\dimen115
\Hy@linkcounter=\count105
\Hy@pagecounter=\count106

(/usr/share/texlive/texmf-dist/tex/latex/hyperref/pd1enc.def
File: pd1enc.def 2018/09/30 v6.88a Hyperref: PDFDocEncoding definition (HO)
Now handling font encoding PD1 ...
... no UTF-8 mapping file for font encoding PD1
)
\Hy@SavedSpaceFactor=\count107

(/usr/share/texlive/texmf-dist/tex/latex/latexconfig/hyperref.cfg
File: hyperref.cfg 2002/06/06 v1.2 hyperref configuration of TeXLive
)
Package hyperref Info: Hyper figures OFF on input line 4535.
Package hyperref Info: Link nesting OFF on input line 4540.
Package hyperref Info: Hyper index ON on input line 4543.
Package hyperref Info: Plain pages OFF on input line 4550.
Package hyperref Info: Backreferencing OFF on input line 4555.
Package hyperref Info: Implicit mode ON; LaTeX internals redefined.
Package hyperref Info: Bookmarks ON on input line 4788.
\c@Hy@tempcnt=\count108

(/usr/share/texlive/texmf-dist/tex/latex/url/url.sty
\Urlmuskip=\muskip10
Package: url 2013/09/16  ver 3.4  Verb mode for urls, etc.
)
LaTeX Info: Redefining \url on input line 5141.
\XeTeXLinkMargin=\dimen116
\Fld@menulength=\count109
\Field@Width=\dimen117
\Fld@charsize=\dimen118
Package hyperref Info: Hyper figures OFF on input line 6396.
Package hyperref Info: Link nesting OFF on input line 6401.
Package hyperref Info: Hyper index ON on input line 6404.
Package hyperref Info: backreferencing OFF on input line 6411.
Package hyperref Info: Link coloring OFF on input line 6416.
Package hyperref Info: Link coloring with OCG OFF on input line 6421.
Package hyperref Info: PDF/A mode OFF on input line 6426.
LaTeX Info: Redefining \ref on input line 6466.
LaTeX Info: Redefining \pageref on input line 6470.
\Hy@abspage=\count110
\c@Item=\count111
\c@Hfootnote=\count112
)
Package hyperref Info: Driver (autodetected): hpdftex.

(/usr/share/texlive/texmf-dist/tex/latex/hyperref/hpdftex.def
File: hpdftex.def 2018/09/30 v6.88a Hyperref driver for pdfTeX
\Fld@listcount=\count113
\c@bookmark@seq@number=\count114

(/usr/share/texlive/texmf-dist/tex/latex/oberdiek/rerunfilecheck.sty
Package: rerunfilecheck 2016/05/16 v1.8 Rerun checks for auxiliary files (HO)
Package uniquecounter Info: New unique counter `rerunfilecheck' on input line 2
82.
)
\Hy@SectionHShift=\skip47
)
LaTeX Info: Redefining \cs on input line 72.

(/usr/share/texlive/texmf-dist/tex/latex/caption/caption.sty
Package: caption 2018/10/06 v3.3-154 Customizing captions (AR)

(/usr/share/texlive/texmf-dist/tex/latex/caption/caption3.sty
Package: caption3 2018/09/12 v1.8c caption3 kernel (AR)
Package caption3 Info: TeX engine: e-TeX on input line 64.
\captionmargin=\dimen119
\captionmargin@=\dimen120
\captionwidth=\dimen121
\caption@tempdima=\dimen122
\caption@indent=\dimen123
\caption@parindent=\dimen124
\caption@hangindent=\dimen125
)
\c@caption@flags=\count115
\c@ContinuedFloat=\count116
Package caption Info: hyperref package is loaded.
) (./subfig.sty
Package: subfig 2005/06/28 ver: 1.3 subfig package
\c@KVtest=\count117
\sf@farskip=\skip48
\sf@captopadj=\dimen126
\sf@capskip=\skip49
\sf@nearskip=\skip50
\c@subfigure=\count118
\c@subfigure@save=\count119
\c@lofdepth=\count120
\c@subtable=\count121
\c@subtable@save=\count122
\c@lotdepth=\count123
\sf@top=\skip51
\sf@bottom=\skip52
)
(/usr/share/texlive/texmf-dist/tex/latex/float/float.sty
Package: float 2001/11/08 v1.3d Float enhancements (AL)
\c@float@type=\count124
\float@exts=\toks17
\float@box=\box52
\@float@everytoks=\toks18
\@floatcapt=\box53
)
\@float@every@map=\toks19
\c@map=\count125
\c@submap=\count126
\c@submap@save=\count127
\c@lomdepth=\count128

(/usr/share/texlive/texmf-dist/tex/latex/graphics/color.sty
Package: color 2016/07/10 v1.1e Standard LaTeX Color (DPC)

(/usr/share/texlive/texmf-dist/tex/latex/graphics-cfg/color.cfg
File: color.cfg 2016/01/02 v1.6 sample color configuration
)
Package color Info: Driver file: pdftex.def on input line 147.

(/usr/share/texlive/texmf-dist/tex/latex/graphics-def/pdftex.def
File: pdftex.def 2018/01/08 v1.0l Graphics/color driver for pdftex
))
(/usr/share/texlive/texmf-dist/tex/latex/booktabs/booktabs.sty
Package: booktabs 2016/04/27 v1.618033 publication quality tables
\heavyrulewidth=\dimen127
\lightrulewidth=\dimen128
\cmidrulewidth=\dimen129
\belowrulesep=\dimen130
\belowbottomsep=\dimen131
\aboverulesep=\dimen132
\abovetopsep=\dimen133
\cmidrulesep=\dimen134
\cmidrulekern=\dimen135
\defaultaddspace=\dimen136
\@cmidla=\count129
\@cmidlb=\count130
\@aboverulesep=\dimen137
\@belowrulesep=\dimen138
\@thisruleclass=\count131
\@lastruleclass=\count132
\@thisrulewidth=\dimen139
)
\tempbox=\box54
\tempdima=\dimen140
\tempdimb=\dimen141
\sf@box=\box55


Package subfig Warning: multirow.sty is missing.
(subfig)                I'm emulating the needed command, but you should
(subfig)                install it for better results. on input line 188.

(./subfig.aux)
\openout1 = `subfig.aux'.

LaTeX Font Info:    Checking defaults for OML/cmm/m/it on input line 193.
LaTeX Font Info:    ... okay on input line 193.
LaTeX Font Info:    Checking defaults for T1/cmr/m/n on input line 193.
LaTeX Font Info:    ... okay on input line 193.
LaTeX Font Info:    Checking defaults for OT1/cmr/m/n on input line 193.
LaTeX Font Info:    ... okay on input line 193.
LaTeX Font Info:    Checking defaults for OMS/cmsy/m/n on input line 193.
LaTeX Font Info:    ... okay on input line 193.
LaTeX Font Info:    Checking defaults for OMX/cmex/m/n on input line 193.
LaTeX Font Info:    ... okay on input line 193.
LaTeX Font Info:    Checking defaults for U/cmr/m/n on input line 193.
LaTeX Font Info:    ... okay on input line 193.
LaTeX Font Info:    Checking defaults for PD1/pdf/m/n on input line 193.
LaTeX Font Info:    ... okay on input line 193.
\@glossaryfile=\write3
\openout3 = `subfig.glo'.


Writing glossary file subfig.glo 
\@indexfile=\write4
\openout4 = `subfig.idx'.

Writing index file subfig.idx
Package doc Info: Made | a short reference for \verb on input line 193.
\AtBeginShipoutBox=\box56
Package hyperref Info: Link coloring OFF on input line 193.
(/usr/share/texlive/texmf-dist/tex/latex/hyperref/nameref.sty
Package: nameref 2016/05/21 v2.44 Cross-referencing by name of section

(/usr/share/texlive/texmf-dist/tex/generic/oberdiek/gettitlestring.sty
Package: gettitlestring 2016/05/16 v1.5 Cleanup title references (HO)
)
\c@section@level=\count133
)
LaTeX Info: Redefining \ref on input line 193.
LaTeX Info: Redefining \pageref on input line 193.
LaTeX Info: Redefining \nameref on input line 193.

(./subfig.out) (./subfig.out)
\@outlinefile=\write5
\openout5 = `subfig.out'.

Package caption Info: Begin \AtBeginDocument code.
Package caption Info: subfig package v1.3 is loaded.
Package caption Info: float package is loaded.
Package caption Info: End \AtBeginDocument code.
Package caption Info: We need package `ragged2e' on input line 193.

(/usr/share/texlive/texmf-dist/tex/latex/ms/ragged2e.sty
Package: ragged2e 2009/05/21 v2.1 ragged2e Package (MS)

(/usr/share/texlive/texmf-dist/tex/latex/ms/everysel.sty
Package: everysel 2011/10/28 v1.2 EverySelectfont Package (MS)

ABD: EverySelectfont initializing macros
LaTeX Info: Redefining \selectfont on input line 126.
)
\CenteringLeftskip=\skip53
\RaggedLeftLeftskip=\skip54
\RaggedRightLeftskip=\skip55
\CenteringRightskip=\skip56
\RaggedLeftRightskip=\skip57
\RaggedRightRightskip=\skip58
\CenteringParfillskip=\skip59
\RaggedLeftParfillskip=\skip60
\RaggedRightParfillskip=\skip61
\JustifyingParfillskip=\skip62
\CenteringParindent=\skip63
\RaggedLeftParindent=\skip64
\RaggedRightParindent=\skip65
\JustifyingParindent=\skip66
)
(/usr/share/texlive/texmf-dist/tex/context/base/mkii/supp-pdf.mkii
[Loading MPS to PDF converter (version 2006.09.02).]
\scratchcounter=\count134
\scratchdimen=\dimen142
\scratchbox=\box57
\nofMPsegments=\count135
\nofMParguments=\count136
\everyMPshowfont=\toks20
\MPscratchCnt=\count137
\MPscratchDim=\dimen143
\MPnumerator=\count138
\makeMPintoPDFobject=\count139
\everyMPtoPDFconversion=\toks21
) (./subfig.dtx
LaTeX Font Info:    External font `cmex10' loaded for size
(Font)              <17.28> on input line 379.
LaTeX Font Info:    External font `cmex10' loaded for size
(Font)              <12> on input line 379.
LaTeX Font Info:    External font `cmex10' loaded for size
(Font)              <8> on input line 379.
LaTeX Font Info:    External font `cmex10' loaded for size
(Font)              <6> on input line 379.
LaTeX Font Info:    External font `cmex10' loaded for size
(Font)              <5> on input line 379.
LaTeX Font Info:    External font `cmex10' loaded for size
(Font)              <9> on input line 383.
 [1

{/var/lib/texmf/fonts/map/pdftex/updmap/pdftex.map}] [2

]
(./subfig.toc
LaTeX Font Info:    External font `cmex10' loaded for size
(Font)              <7> on input line 2.
LaTeX Font Info:    Try loading font information for OMS+cmr on input line 5.
 (/usr/share/texlive/texmf-dist/tex/latex/base/omscmr.fd
File: omscmr.fd 2014/09/29 v2.5h Standard LaTeX font definitions
)
LaTeX Font Info:    Font shape `OMS/cmr/m/n' in size <10> not available
(Font)              Font shape `OMS/cmsy/m/n' tried instead on input line 5.
 [1])
\tf@toc=\write6
\openout6 = `subfig.toc'.


(./subfig.lof
LaTeX Font Info:    Font shape `OMS/cmtt/m/n' in size <10> not available
(Font)              Font shape `OMS/cmsy/m/n' tried instead on input line 16.
 [2] [3] [4])
\tf@lof=\write7
\openout7 = `subfig.lof'.

 (./subfig.lot)
\tf@lot=\write8
\openout8 = `subfig.lot'.

 (./subfig.lom)
\tf@lom=\write9
\openout9 = `subfig.lom'.

 [5] [6

]pdfTeX warning (ext4): destination with the same identifier (name{page.1}) has
 been already used, duplicate ignored
<to be read again> 
                   \relax 
l.508 % \end{verbatim}
                       [1]
LaTeX Font Info:    Font shape `OMS/cmr/bx/n' in size <10> not available
(Font)              Font shape `OMS/cmsy/b/n' tried instead on input line 547.
pdfTeX warning (ext4): destination with the same identifier (name{page.2}) has 
been already used, duplicate ignored
<to be read again> 
                   \relax 
l.568 % \end{quote}
                    [2]
Underfull \hbox (badness 1448) in paragraph at lines 588--590
[]\OT1/cmr/m/n/10 Figure num-ber prepended to the
 []


Overfull \hbox (10.51767pt too wide) in paragraph at lines 580--601
 [][] 
 []

[3]
LaTeX Font Info:    Font shape `OMS/cmr/m/n' in size <9> not available
(Font)              Font shape `OMS/cmsy/m/n' tried instead on input line 697.


LaTeX Warning: Marginpar on page 4 moved.

[4]
LaTeX Font Info:    Font shape `OMS/cmr/m/n' in size <8> not available
(Font)              Font shape `OMS/cmsy/m/n' tried instead on input line 800.
 [5] [6] [7] [8pdfTeX warning (ext4): destination with the same identifier (nam
e{Hfootnote.8}) has been already used, duplicate ignored

\AtBegShi@Output ...ipout \box \AtBeginShipoutBox 
                                                  \fi \fi 
l.1120 % T
          he package options supplied with the \cmd{\usepackage} command arepdf
TeX warning (ext4): destination with the same identifier (name{Hfootnote.8}) ha
s been already used, duplicate ignored

\AtBegShi@Output ...ipout \box \AtBeginShipoutBox 
                                                  \fi \fi 
l.1120 % T
          he package options supplied with the \cmd{\usepackage} command are]
[9]

LaTeX Font Warning: Font shape `OT1/cmr/bx/sc' undefined
(Font)              using `OT1/cmr/bx/n' instead on input line 1204.

LaTeX Font Info:    Font shape `OT1/cmss/m/it' in size <10> not available
(Font)              Font shape `OT1/cmss/m/sl' tried instead on input line 1206
.

LaTeX Font Warning: Font shape `OT1/cmss/m/sc' in size <10> not available
(Font)              Font shape `OT1/cmr/m/sc' tried instead on input line 1208.



LaTeX Font Warning: Font shape `OT1/cmss/bx/it' undefined
(Font)              using `OT1/cmss/bx/n' instead on input line 1210.


LaTeX Font Warning: Font shape `OT1/cmss/bx/sl' undefined
(Font)              using `OT1/cmss/bx/n' instead on input line 1211.


LaTeX Font Warning: Font shape `OT1/cmss/bx/sc' undefined
(Font)              using `OT1/cmss/bx/n' instead on input line 1212.

LaTeX Font Info:    Font shape `OT1/cmtt/bx/n' in size <10> not available
(Font)              Font shape `OT1/cmtt/m/n' tried instead on input line 1217.

LaTeX Font Info:    Font shape `OT1/cmtt/bx/it' in size <10> not available
(Font)              Font shape `OT1/cmtt/m/it' tried instead on input line 1218
.

LaTeX Font Warning: Font shape `OT1/cmtt/bx/sl' undefined
(Font)              using `OT1/cmtt/bx/n' instead on input line 1219.

LaTeX Font Info:    Font shape `OT1/cmtt/bx/sl' in size <10> not available
(Font)              Font shape `OT1/cmtt/m/n' tried instead on input line 1219.


LaTeX Font Warning: Font shape `OT1/cmtt/bx/sc' undefined
(Font)              using `OT1/cmtt/bx/n' instead on input line 1220.

LaTeX Font Info:    Font shape `OT1/cmtt/bx/sc' in size <10> not available
(Font)              Font shape `OT1/cmtt/m/n' tried instead on input line 1220.

[10] [11] [12] [13]
Underfull \hbox (badness 1803) in paragraph at lines 1334--1334
[] \OT1/cmr/m/n/8 (b) |Non fuit causa cur pos-tu-laret.
 []


Underfull \hbox (badness 1325) in paragraph at lines 1334--1334
\OT1/cmr/m/n/8 ac-er-rimus ad-ver-sar-ius; in hanc
 []


Underfull \hbox (badness 1803) in paragraph at lines 1335--1335
[] \OT1/cmr/m/n/8 (b) |Non fuit causa cur pos-tu-laret.
 []


Underfull \hbox (badness 1325) in paragraph at lines 1335--1335
\OT1/cmr/m/n/8 ac-er-rimus ad-ver-sar-ius; in hanc
 []


Underfull \hbox (badness 1803) in paragraph at lines 1346--1346
[] \OT1/cmr/m/n/8 (b) |Non fuit causa cur pos-tu-laret.
 []


Underfull \hbox (badness 1325) in paragraph at lines 1346--1346
\OT1/cmr/m/n/8 ac-er-rimus ad-ver-sar-ius; in hanc
 []


Underfull \hbox (badness 3514) in paragraph at lines 1346--1346
[][]|\OT1/cmr/m/n/10 Op-tions [\OT1/cmtt/m/n/10 parskip=5pt,hangindent=10pt,ind
ention=10pt, 
 []


Underfull \hbox (badness 1803) in paragraph at lines 1347--1347
[] \OT1/cmr/m/n/8 (b) |Non fuit causa cur pos-tu-laret.
 []


Underfull \hbox (badness 1325) in paragraph at lines 1347--1347
\OT1/cmr/m/n/8 ac-er-rimus ad-ver-sar-ius; in hanc
 []


Underfull \hbox (badness 3525) in paragraph at lines 1350--1350
[] []|\OT1/cmr/m/n/8 Non fuit causa cur pos-tu-laret.
 []


Underfull \hbox (badness 2005) in paragraph at lines 1350--1350
\OT1/cmr/m/n/8 qui ac-er-rimus ad-ver-sar-ius; in
 []


Underfull \hbox (badness 3525) in paragraph at lines 1351--1351
[] []|\OT1/cmr/m/n/8 Non fuit causa cur pos-tu-laret.
 []


Underfull \hbox (badness 2005) in paragraph at lines 1351--1351
\OT1/cmr/m/n/8 qui ac-er-rimus ad-ver-sar-ius; in
 []


Underfull \hbox (badness 3525) in paragraph at lines 1354--1354
[][]|\OT1/cmr/m/n/8 Non fuit causa cur pos-tu-laret.
 []


Underfull \hbox (badness 2005) in paragraph at lines 1354--1354
\OT1/cmr/m/n/8 qui ac-er-rimus ad-ver-sar-ius; in
 []


Underfull \hbox (badness 3525) in paragraph at lines 1355--1355
[][]|\OT1/cmr/m/n/8 Non fuit causa cur pos-tu-laret.
 []


Underfull \hbox (badness 2005) in paragraph at lines 1355--1355
\OT1/cmr/m/n/8 qui ac-er-rimus ad-ver-sar-ius; in
 []

[14] [15] [16] [17]
Underfull \hbox (badness 3514) in paragraph at lines 1359--1359
[][]|\OT1/cmr/m/n/10 Op-tions [\OT1/cmtt/m/n/10 format=hang,hangindent=10pt,ind
ention=10pt, 
 []


Underfull \hbox (badness 3525) in paragraph at lines 1365--1365
[] []|\OT1/cmr/m/n/8 Non fuit causa cur pos-tu-laret.
 []


Underfull \hbox (badness 2005) in paragraph at lines 1365--1365
\OT1/cmr/m/n/8 qui ac-er-rimus ad-ver-sar-ius; in
 []


Underfull \hbox (badness 8094) in paragraph at lines 1365--1365
[][]|\OT1/cmr/m/n/10 Op-tions [\OT1/cmtt/m/n/10 format=hang,parskip=5pt,indenti
on=10pt, 
 []


Underfull \hbox (badness 3525) in paragraph at lines 1366--1366
[] []|\OT1/cmr/m/n/8 Non fuit causa cur pos-tu-laret.
 []


Underfull \hbox (badness 2005) in paragraph at lines 1366--1366
\OT1/cmr/m/n/8 qui ac-er-rimus ad-ver-sar-ius; in
 []


Underfull \hbox (badness 3525) in paragraph at lines 1369--1369
[][]|\OT1/cmr/m/n/8 Non fuit causa cur pos-tu-laret.
 []


Underfull \hbox (badness 2005) in paragraph at lines 1369--1369
\OT1/cmr/m/n/8 qui ac-er-rimus ad-ver-sar-ius; in
 []


Underfull \hbox (badness 6708) in paragraph at lines 1369--1369
[][]|\OT1/cmr/m/n/10 Op-tions [\OT1/cmtt/m/n/10 format=hang,parskip=5pt,hangind
ent=10pt, 
 []


Underfull \hbox (badness 3525) in paragraph at lines 1370--1370
[][]|\OT1/cmr/m/n/8 Non fuit causa cur pos-tu-laret.
 []


Underfull \hbox (badness 2005) in paragraph at lines 1370--1370
\OT1/cmr/m/n/8 qui ac-er-rimus ad-ver-sar-ius; in
 []


Underfull \hbox (badness 6708) in paragraph at lines 1373--1373
[][]|\OT1/cmr/m/n/10 Op-tions [\OT1/cmtt/m/n/10 format=hang,parskip=5pt,hangind
ent=10pt, 
 []


Underfull \hbox (badness 6708) in paragraph at lines 1376--1376
[][]|\OT1/cmr/m/n/10 Op-tions [\OT1/cmtt/m/n/10 format=hang,parskip=5pt,hangind
ent=10pt, 
 []


Underfull \hbox (badness 7186) in paragraph at lines 1379--1379
\OT1/cmr/m/n/8 hanc rem te, te in-quam,
 []


Underfull \hbox (badness 7186) in paragraph at lines 1380--1380
\OT1/cmr/m/n/8 hanc rem te, te in-quam,
 []


Underfull \hbox (badness 1448) in paragraph at lines 1383--1383
\OT1/cmr/m/n/8 rem te, te in-quam, testem,
 []


Underfull \hbox (badness 1448) in paragraph at lines 1384--1384
\OT1/cmr/m/n/8 rem te, te in-quam, testem,
 []

[18] [19] [20] [21]
Underfull \hbox (badness 2245) in paragraph at lines 1388--1388
\OT1/cmr/m/n/8 laret. Qui hoc in-tel-legi
 []


Underfull \hbox (badness 1558) in paragraph at lines 1388--1388
\OT1/cmr/m/n/8 hanc rem te, te in-quam,
 []


Underfull \hbox (badness 3514) in paragraph at lines 1388--1388
[][]|\OT1/cmr/m/n/10 Op-tions [\OT1/cmtt/m/n/10 margin=10pt,hangindent=10pt,ind
ention=10pt, 
 []


Underfull \hbox (badness 2245) in paragraph at lines 1389--1389
\OT1/cmr/m/n/8 laret. Qui hoc in-tel-legi
 []


Underfull \hbox (badness 1558) in paragraph at lines 1389--1389
\OT1/cmr/m/n/8 hanc rem te, te in-quam,
 []


Underfull \hbox (badness 7186) in paragraph at lines 1394--1394
\OT1/cmr/m/n/8 hanc rem te, te in-quam,
 []


Underfull \hbox (badness 8094) in paragraph at lines 1394--1394
[][]|\OT1/cmr/m/n/10 Op-tions [\OT1/cmtt/m/n/10 margin=10pt,parskip=5pt,indenti
on=10pt, 
 []


Underfull \hbox (badness 7186) in paragraph at lines 1395--1395
\OT1/cmr/m/n/8 hanc rem te, te in-quam,
 []


Underfull \hbox (badness 1448) in paragraph at lines 1398--1398
\OT1/cmr/m/n/8 rem te, te in-quam, testem,
 []


Underfull \hbox (badness 6708) in paragraph at lines 1398--1398
[][]|\OT1/cmr/m/n/10 Op-tions [\OT1/cmtt/m/n/10 margin=10pt,parskip=5pt,hangind
ent=10pt, 
 []


Underfull \hbox (badness 1448) in paragraph at lines 1399--1399
\OT1/cmr/m/n/8 rem te, te in-quam, testem,
 []


Underfull \hbox (badness 2245) in paragraph at lines 1402--1402
\OT1/cmr/m/n/8 laret. Qui hoc in-tel-legi
 []


Underfull \hbox (badness 1558) in paragraph at lines 1402--1402
\OT1/cmr/m/n/8 hanc rem te, te in-quam,
 []


Underfull \hbox (badness 6708) in paragraph at lines 1402--1402
[][]|\OT1/cmr/m/n/10 Op-tions [\OT1/cmtt/m/n/10 margin=10pt,parskip=5pt,hangind
ent=10pt, 
 []


Underfull \hbox (badness 2245) in paragraph at lines 1405--1405
\OT1/cmr/m/n/8 laret. Qui hoc in-tel-legi
 []


Underfull \hbox (badness 1558) in paragraph at lines 1405--1405
\OT1/cmr/m/n/8 hanc rem te, te in-quam,
 []


Underfull \hbox (badness 6708) in paragraph at lines 1405--1405
[][]|\OT1/cmr/m/n/10 Op-tions [\OT1/cmtt/m/n/10 margin=10pt,parskip=5pt,hangind
ent=10pt, 
 []


Underfull \hbox (badness 4156) in paragraph at lines 1406--1406
\OT1/cmr/m/n/8 hanc rem te, te in-quam,
 []


Underfull \hbox (badness 4156) in paragraph at lines 1407--1407
\OT1/cmr/m/n/8 hanc rem te, te in-quam,
 []


Underfull \hbox (badness 1895) in paragraph at lines 1410--1410
[] []|\OT1/cmr/m/n/8 Non fuit causa cur pos-tu-
 []


Underfull \hbox (badness 1117) in paragraph at lines 1410--1410
\OT1/cmr/m/n/8 laret. Qui hoc in-tel-legi
 []


Underfull \hbox (badness 4266) in paragraph at lines 1410--1410
\OT1/cmr/m/n/8 potest? Nae-vio neque
 []


Underfull \hbox (badness 1286) in paragraph at lines 1410--1410
[]\OT1/cmr/m/n/8 Quis huic rei testis est?
 []


Underfull \hbox (badness 1946) in paragraph at lines 1410--1410
\OT1/cmr/m/n/8 sar-ius; in hanc rem te,
 []


Underfull \hbox (badness 8094) in paragraph at lines 1410--1410
[][]|\OT1/cmr/m/n/10 Op-tions [\OT1/cmtt/m/n/10 margin=10pt,format=hang,indenti
on=10pt, 
 []


Underfull \hbox (badness 1895) in paragraph at lines 1411--1411
[] []|\OT1/cmr/m/n/8 Non fuit causa cur pos-tu-
 []


Underfull \hbox (badness 1117) in paragraph at lines 1411--1411
\OT1/cmr/m/n/8 laret. Qui hoc in-tel-legi
 []


Underfull \hbox (badness 4266) in paragraph at lines 1411--1411
\OT1/cmr/m/n/8 potest? Nae-vio neque
 []


Underfull \hbox (badness 1286) in paragraph at lines 1411--1411
[]\OT1/cmr/m/n/8 Quis huic rei testis est?
 []


Underfull \hbox (badness 1946) in paragraph at lines 1411--1411
\OT1/cmr/m/n/8 sar-ius; in hanc rem te,
 []


Underfull \hbox (badness 1895) in paragraph at lines 1414--1414
[][]|\OT1/cmr/m/n/8 Non fuit causa cur pos-tu-
 []


Underfull \hbox (badness 1117) in paragraph at lines 1414--1414
\OT1/cmr/m/n/8 laret. Qui hoc in-tel-legi
 []


Underfull \hbox (badness 4266) in paragraph at lines 1414--1414
\OT1/cmr/m/n/8 potest? Nae-vio neque
 []


Underfull \hbox (badness 6708) in paragraph at lines 1414--1414
[][]|\OT1/cmr/m/n/10 Op-tions [\OT1/cmtt/m/n/10 margin=10pt,format=hang,hangind
ent=10pt, 
 []


Underfull \hbox (badness 1895) in paragraph at lines 1415--1415
[][]|\OT1/cmr/m/n/8 Non fuit causa cur pos-tu-
 []


Underfull \hbox (badness 1117) in paragraph at lines 1415--1415
\OT1/cmr/m/n/8 laret. Qui hoc in-tel-legi
 []


Underfull \hbox (badness 4266) in paragraph at lines 1415--1415
\OT1/cmr/m/n/8 potest? Nae-vio neque
 []

[22] [23] [24] [25]
Underfull \hbox (badness 1231) in paragraph at lines 1419--1419
\OT1/cmr/m/n/8 Nae-vio neque ex so-ci-
 []


Underfull \hbox (badness 1286) in paragraph at lines 1419--1419
[]\OT1/cmr/m/n/8 Quis huic rei testis est?
 []


Underfull \hbox (badness 6708) in paragraph at lines 1419--1419
[][]|\OT1/cmr/m/n/10 Op-tions [\OT1/cmtt/m/n/10 margin=10pt,format=hang,hangind
ent=10pt, 
 []


Underfull \hbox (badness 1231) in paragraph at lines 1422--1422
\OT1/cmr/m/n/8 Nae-vio neque ex so-ci-
 []


Underfull \hbox (badness 1286) in paragraph at lines 1422--1422
[]\OT1/cmr/m/n/8 Quis huic rei testis est?
 []


Underfull \hbox (badness 4156) in paragraph at lines 1425--1425
\OT1/cmr/m/n/8 hanc rem te, te in-quam,
 []


Underfull \hbox (badness 10000) in paragraph at lines 1425--1425
[][]|\OT1/cmr/m/n/10 Op-tions [\OT1/cmtt/m/n/10 margin=10pt,format=hang,parskip
=5pt, 
 []


Underfull \hbox (badness 4156) in paragraph at lines 1426--1426
\OT1/cmr/m/n/8 hanc rem te, te in-quam,
 []


Underfull \hbox (badness 1895) in paragraph at lines 1429--1429
[] []|\OT1/cmr/m/n/8 Non fuit causa cur pos-tu-
 []


Underfull \hbox (badness 1117) in paragraph at lines 1429--1429
\OT1/cmr/m/n/8 laret. Qui hoc in-tel-legi
 []


Underfull \hbox (badness 4266) in paragraph at lines 1429--1429
\OT1/cmr/m/n/8 potest? Nae-vio neque
 []


Underfull \hbox (badness 1286) in paragraph at lines 1429--1429
[]\OT1/cmr/m/n/8 Quis huic rei testis est?
 []


Underfull \hbox (badness 1946) in paragraph at lines 1429--1429
\OT1/cmr/m/n/8 sar-ius; in hanc rem te,
 []


Underfull \hbox (badness 1895) in paragraph at lines 1432--1432
[] []|\OT1/cmr/m/n/8 Non fuit causa cur pos-tu-
 []


Underfull \hbox (badness 1117) in paragraph at lines 1432--1432
\OT1/cmr/m/n/8 laret. Qui hoc in-tel-legi
 []


Underfull \hbox (badness 4266) in paragraph at lines 1432--1432
\OT1/cmr/m/n/8 potest? Nae-vio neque
 []


Underfull \hbox (badness 1286) in paragraph at lines 1432--1432
[]\OT1/cmr/m/n/8 Quis huic rei testis est?
 []


Underfull \hbox (badness 1946) in paragraph at lines 1432--1432
\OT1/cmr/m/n/8 sar-ius; in hanc rem te,
 []


Underfull \hbox (badness 1895) in paragraph at lines 1435--1435
[][]|\OT1/cmr/m/n/8 Non fuit causa cur pos-tu-
 []


Underfull \hbox (badness 1117) in paragraph at lines 1435--1435
\OT1/cmr/m/n/8 laret. Qui hoc in-tel-legi
 []


Underfull \hbox (badness 4266) in paragraph at lines 1435--1435
\OT1/cmr/m/n/8 potest? Nae-vio neque
 []


Underfull \hbox (badness 1895) in paragraph at lines 1438--1438
[][]|\OT1/cmr/m/n/8 Non fuit causa cur pos-tu-
 []


Underfull \hbox (badness 1117) in paragraph at lines 1438--1438
\OT1/cmr/m/n/8 laret. Qui hoc in-tel-legi
 []


Underfull \hbox (badness 4266) in paragraph at lines 1438--1438
\OT1/cmr/m/n/8 potest? Nae-vio neque
 []

[26] [27]
Underfull \hbox (badness 1231) in paragraph at lines 1442--1442
\OT1/cmr/m/n/8 Nae-vio neque ex so-ci-
 []


Underfull \hbox (badness 1286) in paragraph at lines 1442--1442
[]\OT1/cmr/m/n/8 Quis huic rei testis est?
 []


Underfull \hbox (badness 1231) in paragraph at lines 1445--1445
\OT1/cmr/m/n/8 Nae-vio neque ex so-ci-
 []


Underfull \hbox (badness 1286) in paragraph at lines 1445--1445
[]\OT1/cmr/m/n/8 Quis huic rei testis est?
 []


Underfull \hbox (badness 5908) in paragraph at lines 1465--1465
 []\OT1/cmr/m/n/8 (a) |Short cap-tion.|
 []

[28





] [29] [30]
Underfull \hbox (badness 1184) in paragraph at lines 1505--1505
[]\OT1/cmr/m/n/8 (b) |Non fuit causa cur pos-tu-laret.
 []

[31] [32]
LaTeX Font Info:    Try loading font information for OML+cmr on input line 1617
.
 (/usr/share/texlive/texmf-dist/tex/latex/base/omlcmr.fd
File: omlcmr.fd 2014/09/29 v2.5h Standard LaTeX font definitions
)
LaTeX Font Info:    Font shape `OML/cmr/bx/n' in size <10> not available
(Font)              Font shape `OML/cmm/b/it' tried instead on input line 1617.

 [33]
Overfull \vbox (1.9132pt too high) detected at line 1660
 []

[34] [35]
Package hyperref Info: bookmark level for unknown map defaults to 0 on input li
ne 1989.
 [36] [37]
Underfull \hbox (badness 10000) in paragraph at lines 2138--2155

 []

[38] [39] [40] [41] [42] [43] [44] [45] [46] [47]
Underfull \hbox (badness 10000) in paragraph at lines 2913--2926

 []

[48] [49

] [50] [51] [52] [53] [54] [55] [56] [57] [58] [59] [60] [61] [62]
[63] [64] [65]
***************************
* Character table correct *
***************************
[66]
*******************
* Checksum passed *
*******************
) [67] (./subfig.gls [68]) [69] (./subfig.ind [70])
Package atveryend Info: Empty hook `BeforeClearDocument' on input line 196.
 [71]
Package atveryend Info: Empty hook `AfterLastShipout' on input line 196.
 (./subfig.aux)
Package atveryend Info: Executing hook `AtVeryEndDocument' on input line 196.
Package atveryend Info: Executing hook `AtEndAfterFileList' on input line 196.
Package rerunfilecheck Info: File `subfig.out' has not changed.
(rerunfilecheck)             Checksum: 12120FA551216AF250176F56FCD3C2ED;6033.


LaTeX Font Warning: Some font shapes were not available, defaults substituted.

Package atveryend Info: Empty hook `AtVeryVeryEnd' on input line 196.
 ) 
Here is how much of TeX's memory you used:
 7736 strings out of 494584
 117368 string characters out of 6177775
 286752 words of memory out of 5000000
 10763 multiletter control sequences out of 15000+600000
 18008 words of font info for 63 fonts, out of 8000000 for 9000
 14 hyphenation exceptions out of 8191
 35i,16n,53p,361b,689s stack positions out of 5000i,500n,10000p,200000b,80000s
pdfTeX warning (dest): name{figure.94} has been referenced but does not exist
, replaced by a fixed one

pdfTeX warning (dest): name{figure.93} has been referenced but does not exist, 
replaced by a fixed one

pdfTeX warning (dest): name{Hfootnote.7} has been referenced but does not exist
, replaced by a fixed one

pdfTeX warning (dest): name{Hfootnote.6} has been referenced but does not exist
, replaced by a fixed one

pdfTeX warning (dest): name{Hfootnote.5} has been referenced but does not exist
, replaced by a fixed one

pdfTeX warning (dest): name{Hfootnote.4} has been referenced but does not exist
, replaced by a fixed one

</usr/share/texlive/texmf-dist/fonts/type1/public/amsfonts/cm/cmbsy10.pfb></usr
/share/texlive/texmf-dist/fonts/type1/public/amsfonts/cm/cmbx10.pfb></usr/share
/texlive/texmf-dist/fonts/type1/public/amsfonts/cm/cmbx12.pfb></usr/share/texli
ve/texmf-dist/fonts/type1/public/amsfonts/cm/cmbx8.pfb></usr/share/texlive/texm
f-dist/fonts/type1/public/amsfonts/cm/cmbx9.pfb></usr/share/texlive/texmf-dist/
fonts/type1/public/amsfonts/cm/cmbxsl10.pfb></usr/share/texlive/texmf-dist/font
s/type1/public/amsfonts/cm/cmbxti10.pfb></usr/share/texlive/texmf-dist/fonts/ty
pe1/public/amsfonts/cm/cmcsc10.pfb></usr/share/texlive/texmf-dist/fonts/type1/p
ublic/amsfonts/cm/cmex10.pfb></usr/share/texlive/texmf-dist/fonts/type1/public/
amsfonts/cm/cmitt10.pfb></usr/share/texlive/texmf-dist/fonts/type1/public/amsfo
nts/cm/cmmi10.pfb></usr/share/texlive/texmf-dist/fonts/type1/public/amsfonts/cm
/cmmi8.pfb></usr/share/texlive/texmf-dist/fonts/type1/public/amsfonts/cm/cmmi9.
pfb></usr/share/texlive/texmf-dist/fonts/type1/public/amsfonts/cm/cmmib10.pfb><
/usr/share/texlive/texmf-dist/fonts/type1/public/amsfonts/cm/cmr10.pfb></usr/sh
are/texlive/texmf-dist/fonts/type1/public/amsfonts/cm/cmr12.pfb></usr/share/tex
live/texmf-dist/fonts/type1/public/amsfonts/cm/cmr17.pfb></usr/share/texlive/te
xmf-dist/fonts/type1/public/amsfonts/cm/cmr6.pfb></usr/share/texlive/texmf-dist
/fonts/type1/public/amsfonts/cm/cmr7.pfb></usr/share/texlive/texmf-dist/fonts/t
ype1/public/amsfonts/cm/cmr8.pfb></usr/share/texlive/texmf-dist/fonts/type1/pub
lic/amsfonts/cm/cmr9.pfb></usr/share/texlive/texmf-dist/fonts/type1/public/amsf
onts/cm/cmsl10.pfb></usr/share/texlive/texmf-dist/fonts/type1/public/amsfonts/c
m/cmsl9.pfb></usr/share/texlive/texmf-dist/fonts/type1/public/amsfonts/cm/cmslt
t10.pfb></usr/share/texlive/texmf-dist/fonts/type1/public/amsfonts/cm/cmss10.pf
b></usr/share/texlive/texmf-dist/fonts/type1/public/amsfonts/cm/cmss17.pfb></us
r/share/texlive/texmf-dist/fonts/type1/public/amsfonts/cm/cmss8.pfb></usr/share
/texlive/texmf-dist/fonts/type1/public/amsfonts/cm/cmss9.pfb></usr/share/texliv
e/texmf-dist/fonts/type1/public/amsfonts/cm/cmssbx10.pfb></usr/share/texlive/te
xmf-dist/fonts/type1/public/amsfonts/cm/cmssi10.pfb></usr/share/texlive/texmf-d
ist/fonts/type1/public/amsfonts/cm/cmsy10.pfb></usr/share/texlive/texmf-dist/fo
nts/type1/public/amsfonts/cm/cmsy6.pfb></usr/share/texlive/texmf-dist/fonts/typ
e1/public/amsfonts/cm/cmsy8.pfb></usr/share/texlive/texmf-dist/fonts/type1/publ
ic/amsfonts/cm/cmsy9.pfb></usr/share/texlive/texmf-dist/fonts/type1/public/amsf
onts/cm/cmtcsc10.pfb></usr/share/texlive/texmf-dist/fonts/type1/public/amsfonts
/cm/cmti10.pfb></usr/share/texlive/texmf-dist/fonts/type1/public/amsfonts/cm/cm
ti7.pfb></usr/share/texlive/texmf-dist/fonts/type1/public/amsfonts/cm/cmti8.pfb
></usr/share/texlive/texmf-dist/fonts/type1/public/amsfonts/cm/cmti9.pfb></usr/
share/texlive/texmf-dist/fonts/type1/public/amsfonts/cm/cmtt10.pfb></usr/share/
texlive/texmf-dist/fonts/type1/public/amsfonts/cm/cmtt12.pfb></usr/share/texliv
e/texmf-dist/fonts/type1/public/amsfonts/cm/cmtt8.pfb></usr/share/texlive/texmf
-dist/fonts/type1/public/amsfonts/cm/cmtt9.pfb></usr/share/texlive/texmf-dist/f
onts/type1/public/amsfonts/latxfont/lcircle1.pfb></usr/share/texlive/texmf-dist
/fonts/type1/public/amsfonts/latxfont/line10.pfb>
Output written on subfig.pdf (79 pages, 695293 bytes).
PDF statistics:
 1714 PDF objects out of 1728 (max. 8388607)
 1566 compressed objects within 16 object streams
 529 named destinations out of 1000 (max. 500000)
 577 words of extra memory for PDF output out of 10000 (max. 10000000)

